<?xml version="1.0" encoding="UTF-8"?>
<!-- Generated by org.testng.reporters.JUnitXMLReporter -->
<testsuite hostname="Mamathas-MBP" ignored="0" name="Default test" tests="3" failures="0" timestamp="08 Sep 2019 09:32:10 GMT" time="53.21" errors="0">
  <testcase name="testBillAmount" time="6.779" classname="com.ios.fastip.testcases.TestCases"/>
  <testcase name="testtipPercentageChangedisReflectedInHomeScreen" time="13.096" classname="com.ios.fastip.testcases.TestCases"/>
  <testcase name="testPercentageShouldthrowAlertWhenStringisEntered" time="15.393" classname="com.ios.fastip.testcases.TestCases"/>
</testsuite> <!-- Default test -->
